[10/26/2020 14:39:15] Archived file: /Users/ghofstede/stackstate-docs/stackstate-docs/.gitbook/assets/allperm (1).png
[10/26/2020 14:39:15] Archived file: /Users/ghofstede/stackstate-docs/stackstate-docs/.gitbook/assets/esx2perm (1).png
[10/26/2020 14:39:15] Archived file: /Users/ghofstede/stackstate-docs/stackstate-docs/.gitbook/assets/02_topology.png
[10/26/2020 14:39:15] Archived file: /Users/ghofstede/stackstate-docs/stackstate-docs/.gitbook/assets/synchronization-wizard-step-4.png
[10/26/2020 14:39:15] Archived file: /Users/ghofstede/stackstate-docs/stackstate-docs/.gitbook/assets/telemetryperspective.png
[10/26/2020 14:39:15] Archived file: /Users/ghofstede/stackstate-docs/stackstate-docs/.gitbook/assets/06_timeline.png
[10/26/2020 14:39:15] Archived file: /Users/ghofstede/stackstate-docs/stackstate-docs/.gitbook/assets/synchronization-wizard-step-5.png
[10/26/2020 14:39:15] Archived file: /Users/ghofstede/stackstate-docs/stackstate-docs/.gitbook/assets/topocap3.png
[10/26/2020 14:39:15] Archived file: /Users/ghofstede/stackstate-docs/stackstate-docs/.gitbook/assets/01_stackpacks.png
[10/26/2020 14:39:15] Archived file: /Users/ghofstede/stackstate-docs/stackstate-docs/.gitbook/assets/topocap2.png
[10/26/2020 14:39:15] Archived file: /Users/ghofstede/stackstate-docs/stackstate-docs/.gitbook/assets/synchronization-wizard-step-2.png
[10/26/2020 14:39:15] Archived file: /Users/ghofstede/stackstate-docs/stackstate-docs/.gitbook/assets/query_advanced_with_neighbours.png
[10/26/2020 14:39:15] Archived file: /Users/ghofstede/stackstate-docs/stackstate-docs/.gitbook/assets/03_component_details.png
[10/26/2020 14:39:15] Archived file: /Users/ghofstede/stackstate-docs/stackstate-docs/.gitbook/assets/synchronization-wizard-step-3.png
[10/26/2020 14:39:15] Archived file: /Users/ghofstede/stackstate-docs/stackstate-docs/.gitbook/assets/esx1perm.png
[10/26/2020 14:39:15] Archived file: /Users/ghofstede/stackstate-docs/stackstate-docs/.gitbook/assets/synchronization-wizard-step-1.png
[10/26/2020 14:39:15] Archived file: /Users/ghofstede/stackstate-docs/stackstate-docs/.gitbook/assets/componentselector.png
[10/26/2020 14:39:15] Archived file: /Users/ghofstede/stackstate-docs/stackstate-docs/.gitbook/assets/activity_section.png
[10/26/2020 14:39:15] Archived file: /Users/ghofstede/stackstate-docs/stackstate-docs/.gitbook/assets/quick_actions.png
[10/26/2020 14:39:15] Archived file: /Users/ghofstede/stackstate-docs/stackstate-docs/.gitbook/assets/v42_add_email_event_handler.png
[10/26/2020 14:39:15] Archived file: /Users/ghofstede/stackstate-docs/stackstate-docs/.gitbook/assets/component_telemetry (1).png
[10/26/2020 14:39:15] Archived file: /Users/ghofstede/stackstate-docs/stackstate-docs/.gitbook/assets/screen-shot-2020-07-27-at-14.22.20.png
[10/26/2020 14:39:15] Archived file: /Users/ghofstede/stackstate-docs/stackstate-docs/.gitbook/assets/basic_filtering.png
[10/26/2020 14:39:15] Archived file: /Users/ghofstede/stackstate-docs/stackstate-docs/.gitbook/assets/allperm (1) (1).png
[10/26/2020 14:39:15] Archived file: /Users/ghofstede/stackstate-docs/stackstate-docs/.gitbook/assets/event_handlers_tab (1).png
[10/26/2020 14:39:15] Archived file: /Users/ghofstede/stackstate-docs/stackstate-docs/.gitbook/assets/plus_list.png
[10/26/2020 14:39:15] Archived file: /Users/ghofstede/stackstate-docs/stackstate-docs/.gitbook/assets/activity_perspective.png
[10/26/2020 14:39:15] Archived file: /Users/ghofstede/stackstate-docs/stackstate-docs/.gitbook/assets/new_component (1).png
[10/26/2020 14:39:15] Archived file: /Users/ghofstede/stackstate-docs/stackstate-docs/.gitbook/assets/edit_template (1).png
[10/26/2020 14:39:15] Archived file: /Users/ghofstede/stackstate-docs/stackstate-docs/.gitbook/assets/eldet2.png
[10/26/2020 14:39:15] Archived file: /Users/ghofstede/stackstate-docs/stackstate-docs/.gitbook/assets/topology_synchronization (1).png
[10/26/2020 14:39:15] Archived file: /Users/ghofstede/stackstate-docs/stackstate-docs/.gitbook/assets/basic_filtering (1).png
[10/26/2020 14:39:15] Archived file: /Users/ghofstede/stackstate-docs/stackstate-docs/.gitbook/assets/04_problem_summary.png
[10/26/2020 14:39:15] Archived file: /Users/ghofstede/stackstate-docs/stackstate-docs/.gitbook/assets/topoview1 (1).png
[10/26/2020 14:39:15] Archived file: /Users/ghofstede/stackstate-docs/stackstate-docs/.gitbook/assets/basic_filtering_list (1).png
[10/26/2020 14:39:15] Archived file: /Users/ghofstede/stackstate-docs/stackstate-docs/.gitbook/assets/topoview2.png
[10/26/2020 14:39:15] Archived file: /Users/ghofstede/stackstate-docs/stackstate-docs/.gitbook/assets/navbar2.png
[10/26/2020 14:39:15] Archived file: /Users/ghofstede/stackstate-docs/stackstate-docs/.gitbook/assets/advanced_filtering.png
[10/26/2020 14:39:15] Archived file: /Users/ghofstede/stackstate-docs/stackstate-docs/.gitbook/assets/v42_stackpack-servicenow.png
[10/26/2020 14:39:15] Archived file: /Users/ghofstede/stackstate-docs/stackstate-docs/.gitbook/assets/allperm (2).png
[10/26/2020 14:39:15] Archived file: /Users/ghofstede/stackstate-docs/stackstate-docs/.gitbook/assets/dependencies (1).png
[10/26/2020 14:39:15] Archived file: /Users/ghofstede/stackstate-docs/stackstate-docs/.gitbook/assets/query_advanced_with_neighbours (1).png
[10/26/2020 14:39:15] Archived file: /Users/ghofstede/stackstate-docs/stackstate-docs/.gitbook/assets/pages2.png
[10/29/2020 09:37:00] Archived file: /Users/ghofstede/stackstate-docs/stackstate-docs/.gitbook/assets/dummy-diagram.png
[11/20/2020 09:45:23] Archived file: /Users/ghofstede/stackstate-docs/stackstate-docs/.gitbook/assets/v42_basic_filtering.png
[11/20/2020 09:45:23] Archived file: /Users/ghofstede/stackstate-docs/stackstate-docs/.gitbook/assets/v42_advanced_filtering.png
[12/10/2020 14:26:41] Archived file: /Users/ghofstede/stackstate-docs/stackstate-docs/.gitbook/assets/v41_quick-actions.png
[12/10/2020 14:26:41] Archived file: /Users/ghofstede/stackstate-docs/stackstate-docs/.gitbook/assets/v41_show-json.png
[12/10/2020 14:26:41] Archived file: /Users/ghofstede/stackstate-docs/stackstate-docs/.gitbook/assets/.DS_Store
[12/10/2020 14:26:41] Archived file: /Users/ghofstede/stackstate-docs/stackstate-docs/.gitbook/assets/:v42_show_root_cause_outside.png
[12/10/2020 14:26:41] Archived file: /Users/ghofstede/stackstate-docs/stackstate-docs/.gitbook/assets/v41_event_handlers_tab.png
[12/10/2020 14:26:41] Archived file: /Users/ghofstede/stackstate-docs/stackstate-docs/.gitbook/assets/topocap3.png
[12/10/2020 14:26:41] Archived file: /Users/ghofstede/stackstate-docs/stackstate-docs/.gitbook/assets/topocap2.png
[12/10/2020 14:26:41] Archived file: /Users/ghofstede/stackstate-docs/stackstate-docs/.gitbook/assets/v41_events-section.png
[12/10/2020 14:26:41] Archived file: /Users/ghofstede/stackstate-docs/stackstate-docs/.gitbook/assets/v41_telstream_edit.png
[12/10/2020 14:26:41] Archived file: /Users/ghofstede/stackstate-docs/stackstate-docs/.gitbook/assets/v41_show_root_cause_outside.png
[12/10/2020 14:26:41] Archived file: /Users/ghofstede/stackstate-docs/stackstate-docs/.gitbook/assets/v41_quick_component_actions.png
[12/10/2020 14:26:41] Archived file: /Users/ghofstede/stackstate-docs/stackstate-docs/.gitbook/assets/navbar2.png
[12/10/2020 14:26:41] Archived file: /Users/ghofstede/stackstate-docs/stackstate-docs/.gitbook/assets/v41_event-perspective.png
[12/10/2020 14:26:41] Archived file: /Users/ghofstede/stackstate-docs/stackstate-docs/.gitbook/assets/pages2.png
